Run cd android && ./gradlew assembleDebug
Downloading https://services.gradle.org/distributions/gradle-8.11.1-all.zip
.....................10%......................20%......................30%......................40%......................50%......................60%......................70%......................80%......................90%......................100%

Welcome to Gradle 8.11.1!

Here are the highlights of this release:
 - Parallel load and store for Configuration Cache
 - Java compilation errors at the end of the build output
 - Consolidated report for warnings and deprecations

For more details see https://docs.gradle.org/8.11.1/release-notes.html

Starting a Gradle Daemon (subsequent builds will be faster)

> Configure project :app
WARNING: Using flatDir should be avoided because it doesn't support any meta-data formats.

> Configure project :capacitor-cordova-android-plugins
WARNING: Using flatDir should be avoided because it doesn't support any meta-data formats.
Checking the license for package Android SDK Platform 33 in /usr/local/lib/android/sdk/licenses
License for package Android SDK Platform 33 accepted.
Preparing "Install Android SDK Platform 33 (revision 3)".
"Install Android SDK Platform 33 (revision 3)" ready.
Installing Android SDK Platform 33 in /usr/local/lib/android/sdk/platforms/android-33
"Install Android SDK Platform 33 (revision 3)" complete.
"Install Android SDK Platform 33 (revision 3)" finished.

> Task :app:preBuild UP-TO-DATE
> Task :app:preDebugBuild UP-TO-DATE
> Task :app:mergeDebugNativeDebugMetadata NO-SOURCE
> Task :capacitor-android:preBuild UP-TO-DATE
> Task :capacitor-android:preDebugBuild UP-TO-DATE
> Task :capacitor-android:writeDebugAarMetadata
> Task :app:javaPreCompileDebug
> Task :capacitor-community-admob:preBuild UP-TO-DATE
> Task :capacitor-community-admob:preDebugBuild UP-TO-DATE
> Task :capacitor-community-admob:writeDebugAarMetadata
> Task :capacitor-cordova-android-plugins:preBuild UP-TO-DATE
> Task :capacitor-cordova-android-plugins:preDebugBuild UP-TO-DATE
> Task :capacitor-firebase-authentication:preBuild UP-TO-DATE
> Task :capacitor-firebase-authentication:preDebugBuild UP-TO-DATE
> Task :capacitor-cordova-android-plugins:writeDebugAarMetadata
> Task :capacitor-firebase-authentication:writeDebugAarMetadata
> Task :app:generateDebugResValues
> Task :app:checkDebugAarMetadata

> Task :app:checkDebugAarMetadata FAILED
FAILURE: Build failed with an exception.

* What went wrong:
Execution failed for task ':app:checkDebugAarMetadata'.
> Could not resolve all files for configuration ':app:debugRuntimeClasspath'.
   > Could not find com.google.firebase:firebase-analytics:.
     Searched in the following locations:
       - file:/home/runner/work/nexusfinal_android/nexusfinal_android/android/capacitor-cordova-android-plugins/src/main/libs/firebase-analytics.jar
       - file:/home/runner/work/nexusfinal_android/nexusfinal_android/android/app/libs/firebase-analytics.jar
     Required by:
         project :app
   > Could not find com.google.gms:google-play-services-auth:20.7.0.
     Searched in the following locations:
       - https://dl.google.com/dl/android/maven2/com/google/gms/google-play-services-auth/20.7.0/google-play-services-auth-20.7.0.pom
       - https://repo.maven.apache.org/maven2/com/google/gms/google-play-services-auth/20.7.0/google-play-services-auth-20.7.0.pom
       - file:/home/runner/work/nexusfinal_android/nexusfinal_android/android/capacitor-cordova-android-plugins/src/main/libs/google-play-services-auth-20.7.0.jar
       - file:/home/runner/work/nexusfinal_android/nexusfinal_android/android/capacitor-cordova-android-plugins/src/main/libs/google-play-services-auth.jar
       - file:/home/runner/work/nexusfinal_android/nexusfinal_android/android/app/libs/google-play-services-auth-20.7.0.jar
       - file:/home/runner/work/nexusfinal_android/nexusfinal_android/android/app/libs/google-play-services-auth.jar
     Required by:
         project :app

* Try:
> Run with --stacktrace option to get the stack trace.
> Run with --info or --debug option to get more log output.
> Run with --scan to get full insights.
> Get more help at https://help.gradle.org.

BUILD FAILED in 2m 26s
7 actionable tasks: 7 executed
Error: Process completed with exit code 1.